2025-06-13 11:53:28,089 - INFO - Starting SQLite database creation for KMP project...
2025-06-13 11:53:28,089 - INFO - Downloading data from Open Food Facts...
2025-06-13 11:53:30,986 - INFO - Successfully downloaded Open Food Facts data
2025-06-13 11:53:30,996 - INFO - Processing Open Food Facts data...
2025-06-13 11:53:30,999 - INFO - Processed 642 additives from Open Food Facts
2025-06-13 11:53:30,999 - INFO - Adding manual additives data...
2025-06-13 11:53:30,999 - INFO - Creating database schema in additives.db...
2025-06-13 11:53:31,002 - INFO - Database schema created successfully
2025-06-13 11:53:31,002 - INFO - Inserting 645 additives into database...
2025-06-13 11:53:31,007 - INFO - Successfully inserted 645 additives
2025-06-13 11:53:31,007 - INFO - Validating database...
2025-06-13 11:53:31,007 - INFO - Database validation completed
2025-06-13 11:53:31,007 - INFO - Generating database statistics...
2025-06-13 11:53:31,008 - INFO - Sample queries exported to sample_queries.sql
2025-06-13 11:53:31,008 - INFO - Successfully created SQLite database: additives.db
2025-06-13 11:53:31,008 - INFO - Database is ready for import into KMP project!
2025-06-13 15:03:52,553 - INFO - Starting SQLite database creation for KMP project...
2025-06-13 15:03:52,553 - INFO - Downloading data from Open Food Facts...
2025-06-13 15:03:55,159 - INFO - Successfully downloaded Open Food Facts data
2025-06-13 15:03:55,168 - INFO - Processing Open Food Facts data...
2025-06-13 15:03:55,169 - INFO - Processed 642 additives from Open Food Facts
2025-06-13 15:03:55,169 - INFO - Adding manual additives data...
2025-06-13 15:03:55,169 - INFO - Creating database schema in additives.db...
2025-06-13 15:03:55,175 - INFO - Database schema created successfully
2025-06-13 15:03:55,175 - INFO - Inserting 645 additives into database...
2025-06-13 15:03:55,181 - INFO - Successfully inserted 645 additives
2025-06-13 15:03:55,181 - INFO - Validating database...
2025-06-13 15:03:55,181 - INFO - Database validation completed
2025-06-13 15:03:55,181 - INFO - Generating database statistics...
2025-06-13 15:03:55,182 - INFO - Sample queries exported to sample_queries.sql
2025-06-13 15:03:55,182 - INFO - Successfully created SQLite database: additives.db
2025-06-13 15:03:55,182 - INFO - Database is ready for import into KMP project!
2025-06-13 17:52:27,414 - INFO - Starting SQLite database creation for KMP project...
2025-06-13 17:52:27,415 - INFO - Downloading data from Open Food Facts...
2025-06-13 17:52:30,059 - INFO - Successfully downloaded Open Food Facts data
2025-06-13 17:52:30,069 - INFO - Processing Open Food Facts data...
2025-06-13 17:52:30,071 - INFO - Processed 642 additives from Open Food Facts
2025-06-13 17:52:30,071 - INFO - Adding manual additives data...
2025-06-13 17:52:30,071 - INFO - Creating database schema in additives.db...
2025-06-13 17:52:30,077 - INFO - Database schema created successfully
2025-06-13 17:52:30,077 - INFO - Inserting 645 additives into database...
2025-06-13 17:52:30,086 - INFO - Successfully inserted 645 additives
2025-06-13 17:52:30,086 - INFO - Validating database...
2025-06-13 17:52:30,086 - INFO - Database validation completed
2025-06-13 17:52:30,086 - INFO - Generating database statistics...
2025-06-13 17:52:30,087 - INFO - Sample queries exported to sample_queries.sql
2025-06-13 17:52:30,087 - INFO - Successfully created SQLite database: additives.db
2025-06-13 17:52:30,087 - INFO - Database is ready for import into KMP project!
2025-06-13 17:53:51,741 - INFO - Starting SQLite database creation for KMP project...
2025-06-13 17:53:51,741 - INFO - Downloading data from Open Food Facts...
2025-06-13 17:53:54,409 - INFO - Successfully downloaded Open Food Facts data
2025-06-13 17:53:54,419 - INFO - Processing Open Food Facts data...
2025-06-13 17:53:54,422 - INFO - Processed 642 additives from Open Food Facts
2025-06-13 17:53:54,422 - INFO - Adding manual additives data...
2025-06-13 17:53:54,422 - INFO - Creating database schema in additives.db...
2025-06-13 17:53:54,428 - INFO - Database schema created successfully
2025-06-13 17:53:54,428 - INFO - Inserting 645 additives into database...
2025-06-13 17:53:54,437 - INFO - Successfully inserted 645 additives
2025-06-13 17:53:54,437 - INFO - Validating database...
2025-06-13 17:53:54,437 - INFO - Database validation completed
2025-06-13 17:53:54,437 - INFO - Generating database statistics...
2025-06-13 17:53:54,438 - INFO - Sample queries exported to sample_queries.sql
2025-06-13 17:53:54,438 - INFO - Successfully created SQLite database: additives.db
2025-06-13 17:53:54,438 - INFO - Database is ready for import into KMP project!
